#! /gaia/home/faculty/changw/ivl/bin/vvp
:ivl_version "0.9.6 " "(v0_9_6)";
:vpi_time_precision + 0;
:vpi_module "system";
:vpi_module "v2005_math";
:vpi_module "va_math";
S_0xf83280 .scope module, "TestMod" "TestMod" 2 5;
 .timescale 0 0;
RS_0x7f51e3d21018 .resolv tri, L_0xfa8b00, L_0xfa9650, L_0xfaa260, L_0xfaab70;
v0xfa8920_0 .net8 "C", 3 0, RS_0x7f51e3d21018; 4 drivers
v0xfa89d0_0 .var "CLK", 0 0;
v0xfa8a80_0 .net "Q", 0 15, v0xfa8870_0; 1 drivers
S_0xfa8700 .scope module, "my_ripple" "RippleMod" 2 17, 2 38, S_0xf83280;
 .timescale 0 0;
v0xfa87f0_0 .net "CLK", 0 0, v0xfa89d0_0; 1 drivers
v0xfa8870_0 .var "Q", 0 15;
E_0xfa6e20 .event posedge, v0xfa87f0_0;
S_0xf83370 .scope module, "my_coder" "CoderMod" 2 18, 2 28, S_0xf83280;
 .timescale 0 0;
L_0xfa7280/0/0 .functor OR 1, L_0xfa8d80, L_0xfa8e70, L_0xfa8ff0, L_0xfa9090;
L_0xfa7280/0/4 .functor OR 1, L_0xfa9180, L_0xfa9270, L_0xfa9470, L_0xfa9560;
L_0xfa7280 .functor OR 1, L_0xfa7280/0/0, L_0xfa7280/0/4, C4<0>, C4<0>;
L_0xfa9750/0/0 .functor OR 1, L_0xfa9800, L_0xfa98f0, L_0xfa99e0, L_0xfa9ad0;
L_0xfa9750/0/4 .functor OR 1, L_0xfa9c40, L_0xfa9d30, L_0xfaa030, L_0xfaa0d0;
L_0xfa9750 .functor OR 1, L_0xfa9750/0/0, L_0xfa9750/0/4, C4<0>, C4<0>;
L_0xfa96f0/0/0 .functor OR 1, L_0xfaa350, L_0xfaa1c0, L_0xfaa540, L_0xfaa440;
L_0xfa96f0/0/4 .functor OR 1, L_0xfaa740, L_0xfaa630, L_0xfaa950, L_0xfaa830;
L_0xfa96f0 .functor OR 1, L_0xfa96f0/0/0, L_0xfa96f0/0/4, C4<0>, C4<0>;
L_0xfaaa40/0/0 .functor OR 1, L_0xfaad50, L_0xfaae40, L_0xfaac10, L_0xfab030;
L_0xfaaa40/0/4 .functor OR 1, L_0xfaaf30, L_0xfab230, L_0xfa8cc0, L_0xfa7790;
L_0xfaaa40 .functor OR 1, L_0xfaaa40/0/0, L_0xfaaa40/0/4, C4<0>, C4<0>;
v0xf864a0_0 .alias "C", 3 0, v0xfa8920_0;
v0xfa6c60_0 .alias "Q", 0 15, v0xfa8a80_0;
v0xfa6d00_0 .net *"_s1", 0 0, L_0xfa7280; 1 drivers
v0xfa6da0_0 .net *"_s10", 0 0, L_0xfa9090; 1 drivers
v0xfa6e50_0 .net *"_s12", 0 0, L_0xfa9180; 1 drivers
v0xfa6ef0_0 .net *"_s14", 0 0, L_0xfa9270; 1 drivers
v0xfa6fd0_0 .net *"_s16", 0 0, L_0xfa9470; 1 drivers
v0xfa7070_0 .net *"_s18", 0 0, L_0xfa9560; 1 drivers
v0xfa7160_0 .net *"_s20", 0 0, L_0xfa9750; 1 drivers
v0xfa7200_0 .net *"_s23", 0 0, L_0xfa9800; 1 drivers
v0xfa7300_0 .net *"_s25", 0 0, L_0xfa98f0; 1 drivers
v0xfa73a0_0 .net *"_s27", 0 0, L_0xfa99e0; 1 drivers
v0xfa74b0_0 .net *"_s29", 0 0, L_0xfa9ad0; 1 drivers
v0xfa7550_0 .net *"_s31", 0 0, L_0xfa9c40; 1 drivers
v0xfa7670_0 .net *"_s33", 0 0, L_0xfa9d30; 1 drivers
v0xfa7710_0 .net *"_s35", 0 0, L_0xfaa030; 1 drivers
v0xfa75d0_0 .net *"_s37", 0 0, L_0xfaa0d0; 1 drivers
v0xfa7860_0 .net *"_s39", 0 0, L_0xfa96f0; 1 drivers
v0xfa7980_0 .net *"_s4", 0 0, L_0xfa8d80; 1 drivers
v0xfa7a00_0 .net *"_s42", 0 0, L_0xfaa350; 1 drivers
v0xfa78e0_0 .net *"_s44", 0 0, L_0xfaa1c0; 1 drivers
v0xfa7b30_0 .net *"_s46", 0 0, L_0xfaa540; 1 drivers
v0xfa7a80_0 .net *"_s48", 0 0, L_0xfaa440; 1 drivers
v0xfa7c70_0 .net *"_s50", 0 0, L_0xfaa740; 1 drivers
v0xfa7bd0_0 .net *"_s52", 0 0, L_0xfaa630; 1 drivers
v0xfa7dc0_0 .net *"_s54", 0 0, L_0xfaa950; 1 drivers
v0xfa7d10_0 .net *"_s56", 0 0, L_0xfaa830; 1 drivers
v0xfa7f20_0 .net *"_s58", 0 0, L_0xfaaa40; 1 drivers
v0xfa7e60_0 .net *"_s6", 0 0, L_0xfa8e70; 1 drivers
v0xfa8090_0 .net *"_s61", 0 0, L_0xfaad50; 1 drivers
v0xfa7fa0_0 .net *"_s63", 0 0, L_0xfaae40; 1 drivers
v0xfa8210_0 .net *"_s65", 0 0, L_0xfaac10; 1 drivers
v0xfa8110_0 .net *"_s67", 0 0, L_0xfab030; 1 drivers
v0xfa83a0_0 .net *"_s69", 0 0, L_0xfaaf30; 1 drivers
v0xfa8290_0 .net *"_s71", 0 0, L_0xfab230; 1 drivers
v0xfa8540_0 .net *"_s73", 0 0, L_0xfa8cc0; 1 drivers
v0xfa8420_0 .net *"_s75", 0 0, L_0xfa7790; 1 drivers
v0xfa84c0_0 .net *"_s8", 0 0, L_0xfa8ff0; 1 drivers
L_0xfa8b00 .part/pv L_0xfa7280, 0, 1, 4;
L_0xfa8d80 .part v0xfa8870_0, 14, 1;
L_0xfa8e70 .part v0xfa8870_0, 12, 1;
L_0xfa8ff0 .part v0xfa8870_0, 10, 1;
L_0xfa9090 .part v0xfa8870_0, 8, 1;
L_0xfa9180 .part v0xfa8870_0, 6, 1;
L_0xfa9270 .part v0xfa8870_0, 4, 1;
L_0xfa9470 .part v0xfa8870_0, 2, 1;
L_0xfa9560 .part v0xfa8870_0, 0, 1;
L_0xfa9650 .part/pv L_0xfa9750, 1, 1, 4;
L_0xfa9800 .part v0xfa8870_0, 13, 1;
L_0xfa98f0 .part v0xfa8870_0, 12, 1;
L_0xfa99e0 .part v0xfa8870_0, 9, 1;
L_0xfa9ad0 .part v0xfa8870_0, 8, 1;
L_0xfa9c40 .part v0xfa8870_0, 5, 1;
L_0xfa9d30 .part v0xfa8870_0, 4, 1;
L_0xfaa030 .part v0xfa8870_0, 1, 1;
L_0xfaa0d0 .part v0xfa8870_0, 0, 1;
L_0xfaa260 .part/pv L_0xfa96f0, 2, 1, 4;
L_0xfaa350 .part v0xfa8870_0, 11, 1;
L_0xfaa1c0 .part v0xfa8870_0, 10, 1;
L_0xfaa540 .part v0xfa8870_0, 9, 1;
L_0xfaa440 .part v0xfa8870_0, 8, 1;
L_0xfaa740 .part v0xfa8870_0, 3, 1;
L_0xfaa630 .part v0xfa8870_0, 2, 1;
L_0xfaa950 .part v0xfa8870_0, 1, 1;
L_0xfaa830 .part v0xfa8870_0, 0, 1;
L_0xfaab70 .part/pv L_0xfaaa40, 3, 1, 4;
L_0xfaad50 .part v0xfa8870_0, 7, 1;
L_0xfaae40 .part v0xfa8870_0, 6, 1;
L_0xfaac10 .part v0xfa8870_0, 5, 1;
L_0xfab030 .part v0xfa8870_0, 4, 1;
L_0xfaaf30 .part v0xfa8870_0, 3, 1;
L_0xfab230 .part v0xfa8870_0, 2, 1;
L_0xfa8cc0 .part v0xfa8870_0, 1, 1;
L_0xfa7790 .part v0xfa8870_0, 0, 1;
    .scope S_0xfa8700;
T_0 ;
    %wait E_0xfa6e20;
    %load/v 8, v0xfa8870_0, 1; Only need 1 of 16 bits
; Save base=8 wid=1 in lookaside.
    %ix/load 0, 1, 0;
    %ix/load 1, 15, 0;
    %assign/v0/x1 v0xfa8870_0, 0, 8;
    %ix/load 1, 15, 0;
    %mov 4, 0, 1;
    %jmp/1 T_0.0, 4;
    %load/x1p 8, v0xfa8870_0, 1;
    %jmp T_0.1;
T_0.0 ;
    %mov 8, 2, 1;
T_0.1 ;
; Save base=8 wid=1 in lookaside.
    %ix/load 0, 1, 0;
    %ix/load 1, 14, 0;
    %assign/v0/x1 v0xfa8870_0, 0, 8;
    %ix/load 1, 14, 0;
    %mov 4, 0, 1;
    %jmp/1 T_0.2, 4;
    %load/x1p 8, v0xfa8870_0, 1;
    %jmp T_0.3;
T_0.2 ;
    %mov 8, 2, 1;
T_0.3 ;
; Save base=8 wid=1 in lookaside.
    %ix/load 0, 1, 0;
    %ix/load 1, 13, 0;
    %assign/v0/x1 v0xfa8870_0, 0, 8;
    %ix/load 1, 13, 0;
    %mov 4, 0, 1;
    %jmp/1 T_0.4, 4;
    %load/x1p 8, v0xfa8870_0, 1;
    %jmp T_0.5;
T_0.4 ;
    %mov 8, 2, 1;
T_0.5 ;
; Save base=8 wid=1 in lookaside.
    %ix/load 0, 1, 0;
    %ix/load 1, 12, 0;
    %assign/v0/x1 v0xfa8870_0, 0, 8;
    %ix/load 1, 12, 0;
    %mov 4, 0, 1;
    %jmp/1 T_0.6, 4;
    %load/x1p 8, v0xfa8870_0, 1;
    %jmp T_0.7;
T_0.6 ;
    %mov 8, 2, 1;
T_0.7 ;
; Save base=8 wid=1 in lookaside.
    %ix/load 0, 1, 0;
    %ix/load 1, 11, 0;
    %assign/v0/x1 v0xfa8870_0, 0, 8;
    %ix/load 1, 11, 0;
    %mov 4, 0, 1;
    %jmp/1 T_0.8, 4;
    %load/x1p 8, v0xfa8870_0, 1;
    %jmp T_0.9;
T_0.8 ;
    %mov 8, 2, 1;
T_0.9 ;
; Save base=8 wid=1 in lookaside.
    %ix/load 0, 1, 0;
    %ix/load 1, 10, 0;
    %assign/v0/x1 v0xfa8870_0, 0, 8;
    %ix/load 1, 10, 0;
    %mov 4, 0, 1;
    %jmp/1 T_0.10, 4;
    %load/x1p 8, v0xfa8870_0, 1;
    %jmp T_0.11;
T_0.10 ;
    %mov 8, 2, 1;
T_0.11 ;
; Save base=8 wid=1 in lookaside.
    %ix/load 0, 1, 0;
    %ix/load 1, 9, 0;
    %assign/v0/x1 v0xfa8870_0, 0, 8;
    %ix/load 1, 9, 0;
    %mov 4, 0, 1;
    %jmp/1 T_0.12, 4;
    %load/x1p 8, v0xfa8870_0, 1;
    %jmp T_0.13;
T_0.12 ;
    %mov 8, 2, 1;
T_0.13 ;
; Save base=8 wid=1 in lookaside.
    %ix/load 0, 1, 0;
    %ix/load 1, 8, 0;
    %assign/v0/x1 v0xfa8870_0, 0, 8;
    %ix/load 1, 8, 0;
    %mov 4, 0, 1;
    %jmp/1 T_0.14, 4;
    %load/x1p 8, v0xfa8870_0, 1;
    %jmp T_0.15;
T_0.14 ;
    %mov 8, 2, 1;
T_0.15 ;
; Save base=8 wid=1 in lookaside.
    %ix/load 0, 1, 0;
    %ix/load 1, 7, 0;
    %assign/v0/x1 v0xfa8870_0, 0, 8;
    %ix/load 1, 7, 0;
    %mov 4, 0, 1;
    %jmp/1 T_0.16, 4;
    %load/x1p 8, v0xfa8870_0, 1;
    %jmp T_0.17;
T_0.16 ;
    %mov 8, 2, 1;
T_0.17 ;
; Save base=8 wid=1 in lookaside.
    %ix/load 0, 1, 0;
    %ix/load 1, 6, 0;
    %assign/v0/x1 v0xfa8870_0, 0, 8;
    %ix/load 1, 6, 0;
    %mov 4, 0, 1;
    %jmp/1 T_0.18, 4;
    %load/x1p 8, v0xfa8870_0, 1;
    %jmp T_0.19;
T_0.18 ;
    %mov 8, 2, 1;
T_0.19 ;
; Save base=8 wid=1 in lookaside.
    %ix/load 0, 1, 0;
    %ix/load 1, 5, 0;
    %assign/v0/x1 v0xfa8870_0, 0, 8;
    %ix/load 1, 5, 0;
    %mov 4, 0, 1;
    %jmp/1 T_0.20, 4;
    %load/x1p 8, v0xfa8870_0, 1;
    %jmp T_0.21;
T_0.20 ;
    %mov 8, 2, 1;
T_0.21 ;
; Save base=8 wid=1 in lookaside.
    %ix/load 0, 1, 0;
    %ix/load 1, 4, 0;
    %assign/v0/x1 v0xfa8870_0, 0, 8;
    %ix/load 1, 4, 0;
    %mov 4, 0, 1;
    %jmp/1 T_0.22, 4;
    %load/x1p 8, v0xfa8870_0, 1;
    %jmp T_0.23;
T_0.22 ;
    %mov 8, 2, 1;
T_0.23 ;
; Save base=8 wid=1 in lookaside.
    %ix/load 0, 1, 0;
    %ix/load 1, 3, 0;
    %assign/v0/x1 v0xfa8870_0, 0, 8;
    %ix/load 1, 3, 0;
    %mov 4, 0, 1;
    %jmp/1 T_0.24, 4;
    %load/x1p 8, v0xfa8870_0, 1;
    %jmp T_0.25;
T_0.24 ;
    %mov 8, 2, 1;
T_0.25 ;
; Save base=8 wid=1 in lookaside.
    %ix/load 0, 1, 0;
    %ix/load 1, 2, 0;
    %assign/v0/x1 v0xfa8870_0, 0, 8;
    %ix/load 1, 2, 0;
    %mov 4, 0, 1;
    %jmp/1 T_0.26, 4;
    %load/x1p 8, v0xfa8870_0, 1;
    %jmp T_0.27;
T_0.26 ;
    %mov 8, 2, 1;
T_0.27 ;
; Save base=8 wid=1 in lookaside.
    %ix/load 0, 1, 0;
    %ix/load 1, 1, 0;
    %assign/v0/x1 v0xfa8870_0, 0, 8;
    %ix/load 1, 1, 0;
    %mov 4, 0, 1;
    %jmp/1 T_0.28, 4;
    %load/x1p 8, v0xfa8870_0, 1;
    %jmp T_0.29;
T_0.28 ;
    %mov 8, 2, 1;
T_0.29 ;
; Save base=8 wid=1 in lookaside.
    %ix/load 0, 1, 0;
    %ix/load 1, 0, 0;
    %assign/v0/x1 v0xfa8870_0, 0, 8;
    %jmp T_0;
    .thread T_0;
    .scope S_0xfa8700;
T_1 ;
    %ix/load 0, 15, 0;
    %set/x0 v0xfa8870_0, 1, 1;
    %ix/load 0, 14, 0;
    %set/x0 v0xfa8870_0, 0, 1;
    %ix/load 0, 13, 0;
    %set/x0 v0xfa8870_0, 0, 1;
    %ix/load 0, 12, 0;
    %set/x0 v0xfa8870_0, 0, 1;
    %ix/load 0, 11, 0;
    %set/x0 v0xfa8870_0, 0, 1;
    %ix/load 0, 10, 0;
    %set/x0 v0xfa8870_0, 0, 1;
    %ix/load 0, 9, 0;
    %set/x0 v0xfa8870_0, 0, 1;
    %ix/load 0, 8, 0;
    %set/x0 v0xfa8870_0, 0, 1;
    %ix/load 0, 7, 0;
    %set/x0 v0xfa8870_0, 0, 1;
    %ix/load 0, 6, 0;
    %set/x0 v0xfa8870_0, 0, 1;
    %ix/load 0, 5, 0;
    %set/x0 v0xfa8870_0, 0, 1;
    %ix/load 0, 4, 0;
    %set/x0 v0xfa8870_0, 0, 1;
    %ix/load 0, 3, 0;
    %set/x0 v0xfa8870_0, 0, 1;
    %ix/load 0, 2, 0;
    %set/x0 v0xfa8870_0, 0, 1;
    %ix/load 0, 1, 0;
    %set/x0 v0xfa8870_0, 0, 1;
    %ix/load 0, 0, 0;
    %set/x0 v0xfa8870_0, 0, 1;
    %end;
    .thread T_1;
    .scope S_0xf83280;
T_2 ;
    %set/v v0xfa89d0_0, 0, 1;
    %delay 1, 0;
    %set/v v0xfa89d0_0, 1, 1;
    %delay 1, 0;
    %jmp T_2;
    .thread T_2;
    .scope S_0xf83280;
T_3 ;
    %delay 36, 0;
    %vpi_call 2 20 "$finish";
    %end;
    .thread T_3;
    .scope S_0xf83280;
T_4 ;
    %vpi_call 2 23 "$display", "TIME  CLK | Q                 | C";
    %vpi_call 2 24 "$monitor", "%2d    %b   | %b%b%b%b%b%b%b%b%b%b%b%b%b%b%b%b  | %b%b%b%b ", $time, v0xfa89d0_0, &PV<v0xfa8a80_0, 15, 1>, &PV<v0xfa8a80_0, 14, 1>, &PV<v0xfa8a80_0, 13, 1>, &PV<v0xfa8a80_0, 12, 1>, &PV<v0xfa8a80_0, 11, 1>, &PV<v0xfa8a80_0, 10, 1>, &PV<v0xfa8a80_0, 9, 1>, &PV<v0xfa8a80_0, 8, 1>, &PV<v0xfa8a80_0, 7, 1>, &PV<v0xfa8a80_0, 6, 1>, &PV<v0xfa8a80_0, 5, 1>, &PV<v0xfa8a80_0, 4, 1>, &PV<v0xfa8a80_0, 3, 1>, &PV<v0xfa8a80_0, 2, 1>, &PV<v0xfa8a80_0, 1, 1>, &PV<v0xfa8a80_0, 0, 1>, &PV<v0xfa8920_0, 3, 1>, &PV<v0xfa8920_0, 2, 1>, &PV<v0xfa8920_0, 1, 1>, &PV<v0xfa8920_0, 0, 1>;
    %end;
    .thread T_4;
# The file index is used to find the file name in the following table.
:file_names 3;
    "N/A";
    "<interactive>";
    "count.v";
