#! /gaia/home/faculty/changw/ivl/bin/vvp
:ivl_version "0.9.6 " "(v0_9_6)";
:vpi_time_precision + 0;
:vpi_module "system";
:vpi_module "v2005_math";
:vpi_module "va_math";
S_0x2435110 .scope module, "TestMod" "TestMod" 2 28;
 .timescale 0 0;
RS_0x7f08cf599318 .resolv tri, L_0x244b800, L_0x244bc10, L_0x244c030, L_0x244c300;
v0x244b230_0 .net8 "o", 3 0, RS_0x7f08cf599318; 4 drivers
v0x244b2b0_0 .var "s", 1 0;
S_0x2435200 .scope module, "my_decoder" "DecoderMod" 2 32, 2 10, S_0x2435110;
 .timescale 0 0;
L_0x244aab0 .functor NOT 1, L_0x244b430, C4<0>, C4<0>, C4<0>;
L_0x244b660 .functor NOT 1, L_0x244b710, C4<0>, C4<0>, C4<0>;
L_0x244b8f0 .functor AND 1, L_0x244b9a0, L_0x244ba90, C4<1>, C4<1>;
L_0x244bcb0 .functor AND 1, L_0x244bd60, L_0x244be50, C4<1>, C4<1>;
L_0x244c160 .functor AND 1, L_0x244c1c0, L_0x244c260, C4<1>, C4<1>;
L_0x244bfd0 .functor AND 1, L_0x244c470, L_0x244c560, C4<1>, C4<1>;
v0x2425bd0_0 .net *"_s1", 0 0, L_0x244aab0; 1 drivers
v0x244a490_0 .net *"_s11", 0 0, L_0x244b8f0; 1 drivers
v0x244a530_0 .net *"_s14", 0 0, L_0x244b9a0; 1 drivers
v0x244a5d0_0 .net *"_s16", 0 0, L_0x244ba90; 1 drivers
v0x244a680_0 .net *"_s18", 0 0, L_0x244bcb0; 1 drivers
v0x244a720_0 .net *"_s21", 0 0, L_0x244bd60; 1 drivers
v0x244a800_0 .net *"_s23", 0 0, L_0x244be50; 1 drivers
v0x244a8a0_0 .net *"_s25", 0 0, L_0x244c160; 1 drivers
v0x244a990_0 .net *"_s28", 0 0, L_0x244c1c0; 1 drivers
v0x244aa30_0 .net *"_s30", 0 0, L_0x244c260; 1 drivers
v0x244ab30_0 .net *"_s32", 0 0, L_0x244bfd0; 1 drivers
v0x244abd0_0 .net *"_s35", 0 0, L_0x244c470; 1 drivers
v0x244ace0_0 .net *"_s37", 0 0, L_0x244c560; 1 drivers
v0x244ad80_0 .net *"_s4", 0 0, L_0x244b430; 1 drivers
v0x244aea0_0 .net *"_s6", 0 0, L_0x244b660; 1 drivers
v0x244af40_0 .net *"_s9", 0 0, L_0x244b710; 1 drivers
v0x244ae00_0 .alias "o", 3 0, v0x244b230_0;
v0x244b090_0 .net "s", 1 0, v0x244b2b0_0; 1 drivers
RS_0x7f08cf599378 .resolv tri, L_0x244b330, L_0x244b570, C4<zz>, C4<zz>;
v0x244b1b0_0 .net8 "s_inv", 1 0, RS_0x7f08cf599378; 2 drivers
L_0x244b330 .part/pv L_0x244aab0, 1, 1, 2;
L_0x244b430 .part v0x244b2b0_0, 1, 1;
L_0x244b570 .part/pv L_0x244b660, 0, 1, 2;
L_0x244b710 .part v0x244b2b0_0, 0, 1;
L_0x244b800 .part/pv L_0x244b8f0, 0, 1, 4;
L_0x244b9a0 .part RS_0x7f08cf599378, 1, 1;
L_0x244ba90 .part RS_0x7f08cf599378, 0, 1;
L_0x244bc10 .part/pv L_0x244bcb0, 1, 1, 4;
L_0x244bd60 .part RS_0x7f08cf599378, 1, 1;
L_0x244be50 .part v0x244b2b0_0, 0, 1;
L_0x244c030 .part/pv L_0x244c160, 2, 1, 4;
L_0x244c1c0 .part v0x244b2b0_0, 1, 1;
L_0x244c260 .part RS_0x7f08cf599378, 0, 1;
L_0x244c300 .part/pv L_0x244bfd0, 3, 1, 4;
L_0x244c470 .part v0x244b2b0_0, 1, 1;
L_0x244c560 .part v0x244b2b0_0, 0, 1;
    .scope S_0x2435110;
T_0 ;
    %vpi_call 2 35 "$monitor", "%0d\011%b\011%b\011%b\011%b\011%b\011%b", $time, &PV<v0x244b2b0_0, 1, 1>, &PV<v0x244b2b0_0, 0, 1>, &PV<v0x244b230_0, 0, 1>, &PV<v0x244b230_0, 1, 1>, &PV<v0x244b230_0, 2, 1>, &PV<v0x244b230_0, 3, 1>;
    %vpi_call 2 36 "$display", "Time\011s1\011s0\011o0\011o1\011o2\011o3";
    %vpi_call 2 37 "$display", "----------------------------------------------------";
    %end;
    .thread T_0;
    .scope S_0x2435110;
T_1 ;
    %ix/load 0, 1, 0;
    %set/x0 v0x244b2b0_0, 0, 1;
    %ix/load 0, 0, 0;
    %set/x0 v0x244b2b0_0, 0, 1;
    %delay 1, 0;
    %ix/load 0, 1, 0;
    %set/x0 v0x244b2b0_0, 0, 1;
    %ix/load 0, 0, 0;
    %set/x0 v0x244b2b0_0, 1, 1;
    %delay 1, 0;
    %ix/load 0, 1, 0;
    %set/x0 v0x244b2b0_0, 1, 1;
    %ix/load 0, 0, 0;
    %set/x0 v0x244b2b0_0, 0, 1;
    %delay 1, 0;
    %ix/load 0, 1, 0;
    %set/x0 v0x244b2b0_0, 1, 1;
    %ix/load 0, 0, 0;
    %set/x0 v0x244b2b0_0, 1, 1;
    %delay 1, 0;
    %end;
    .thread T_1;
# The file index is used to find the file name in the following table.
:file_names 3;
    "N/A";
    "<interactive>";
    "decoder2x4.v";
