#! /gaia/home/faculty/changw/ivl/bin/vvp
:ivl_version "0.9.6 " "(v0_9_6)";
:vpi_time_precision + 0;
:vpi_module "system";
:vpi_module "v2005_math";
:vpi_module "va_math";
S_0x24aaf40 .scope module, "TestMod" "TestMod" 2 25;
 .timescale 0 0;
v0x24fead0_0 .var "d0", 0 0;
v0x24feb70_0 .var "d1", 0 0;
v0x24fec20_0 .var "d2", 0 0;
v0x24fecd0_0 .var "d3", 0 0;
v0x24fedb0_0 .net "o", 0 0, L_0x24ff570; 1 drivers
v0x24fee60_0 .var "s0", 0 0;
v0x24feee0_0 .var "s1", 0 0;
S_0x24ab030 .scope module, "my_mux" "MuxMod" 2 29, 2 10, S_0x24aaf40;
 .timescale 0 0;
L_0x24fe800 .functor NOT 1, v0x24feee0_0, C4<0>, C4<0>, C4<0>;
L_0x24fefc0 .functor NOT 1, v0x24fee60_0, C4<0>, C4<0>, C4<0>;
L_0x24ff070 .functor AND 1, L_0x24fe800, L_0x24fefc0, v0x24fead0_0, C4<1>;
L_0x24ff1f0 .functor AND 1, L_0x24fe800, v0x24fee60_0, v0x24feb70_0, C4<1>;
L_0x24ff2a0 .functor AND 1, v0x24feee0_0, L_0x24fefc0, v0x24fec20_0, C4<1>;
L_0x24ff380 .functor AND 1, v0x24feee0_0, v0x24fee60_0, v0x24fecd0_0, C4<1>;
L_0x24ff570 .functor OR 1, L_0x24ff070, L_0x24ff1f0, L_0x24ff2a0, L_0x24ff380;
v0x24ab120_0 .net "and0", 0 0, L_0x24ff070; 1 drivers
v0x24fe1e0_0 .net "and1", 0 0, L_0x24ff1f0; 1 drivers
v0x24fe280_0 .net "and2", 0 0, L_0x24ff2a0; 1 drivers
v0x24fe320_0 .net "and3", 0 0, L_0x24ff380; 1 drivers
v0x24fe3d0_0 .net "d0", 0 0, v0x24fead0_0; 1 drivers
v0x24fe470_0 .net "d1", 0 0, v0x24feb70_0; 1 drivers
v0x24fe550_0 .net "d2", 0 0, v0x24fec20_0; 1 drivers
v0x24fe5f0_0 .net "d3", 0 0, v0x24fecd0_0; 1 drivers
v0x24fe6e0_0 .alias "o", 0 0, v0x24fedb0_0;
v0x24fe780_0 .net "s0", 0 0, v0x24fee60_0; 1 drivers
v0x24fe880_0 .net "s0_inv", 0 0, L_0x24fefc0; 1 drivers
v0x24fe920_0 .net "s1", 0 0, v0x24feee0_0; 1 drivers
v0x24fea30_0 .net "s1_inv", 0 0, L_0x24fe800; 1 drivers
    .scope S_0x24aaf40;
T_0 ;
    %vpi_call 2 35 "$display", "Time\011s1\011s0\011d0\011d1\011d2\011d3\011o";
    %vpi_call 2 36 "$display", "----------------------------------------------------------";
    %vpi_call 2 37 "$monitor", "%0d\011%b\011%b\011%b\011%b\011%b\011%b\011%b", $time, v0x24feee0_0, v0x24fee60_0, v0x24fead0_0, v0x24feb70_0, v0x24fec20_0, v0x24fecd0_0, v0x24fedb0_0;
    %end;
    .thread T_0;
    .scope S_0x24aaf40;
T_1 ;
    %set/v v0x24feee0_0, 0, 1;
    %set/v v0x24fee60_0, 0, 1;
    %set/v v0x24fead0_0, 0, 1;
    %set/v v0x24feb70_0, 0, 1;
    %set/v v0x24fec20_0, 0, 1;
    %set/v v0x24fecd0_0, 0, 1;
    %delay 1, 0;
    %set/v v0x24feee0_0, 0, 1;
    %set/v v0x24fee60_0, 0, 1;
    %set/v v0x24fead0_0, 0, 1;
    %set/v v0x24feb70_0, 0, 1;
    %set/v v0x24fec20_0, 0, 1;
    %set/v v0x24fecd0_0, 1, 1;
    %delay 1, 0;
    %set/v v0x24feee0_0, 0, 1;
    %set/v v0x24fee60_0, 0, 1;
    %set/v v0x24fead0_0, 0, 1;
    %set/v v0x24feb70_0, 0, 1;
    %set/v v0x24fec20_0, 1, 1;
    %set/v v0x24fecd0_0, 0, 1;
    %delay 1, 0;
    %set/v v0x24feee0_0, 0, 1;
    %set/v v0x24fee60_0, 0, 1;
    %set/v v0x24fead0_0, 0, 1;
    %set/v v0x24feb70_0, 0, 1;
    %set/v v0x24fec20_0, 1, 1;
    %set/v v0x24fecd0_0, 1, 1;
    %delay 1, 0;
    %set/v v0x24feee0_0, 0, 1;
    %set/v v0x24fee60_0, 0, 1;
    %set/v v0x24fead0_0, 0, 1;
    %set/v v0x24feb70_0, 1, 1;
    %set/v v0x24fec20_0, 0, 1;
    %set/v v0x24fecd0_0, 0, 1;
    %delay 1, 0;
    %set/v v0x24feee0_0, 0, 1;
    %set/v v0x24fee60_0, 0, 1;
    %set/v v0x24fead0_0, 0, 1;
    %set/v v0x24feb70_0, 1, 1;
    %set/v v0x24fec20_0, 0, 1;
    %set/v v0x24fecd0_0, 1, 1;
    %delay 1, 0;
    %set/v v0x24feee0_0, 0, 1;
    %set/v v0x24fee60_0, 0, 1;
    %set/v v0x24fead0_0, 0, 1;
    %set/v v0x24feb70_0, 1, 1;
    %set/v v0x24fec20_0, 1, 1;
    %set/v v0x24fecd0_0, 0, 1;
    %delay 1, 0;
    %set/v v0x24feee0_0, 0, 1;
    %set/v v0x24fee60_0, 0, 1;
    %set/v v0x24fead0_0, 0, 1;
    %set/v v0x24feb70_0, 1, 1;
    %set/v v0x24fec20_0, 1, 1;
    %set/v v0x24fecd0_0, 1, 1;
    %delay 1, 0;
    %set/v v0x24feee0_0, 0, 1;
    %set/v v0x24fee60_0, 0, 1;
    %set/v v0x24fead0_0, 1, 1;
    %set/v v0x24feb70_0, 0, 1;
    %set/v v0x24fec20_0, 0, 1;
    %set/v v0x24fecd0_0, 0, 1;
    %delay 1, 0;
    %set/v v0x24feee0_0, 0, 1;
    %set/v v0x24fee60_0, 0, 1;
    %set/v v0x24fead0_0, 1, 1;
    %set/v v0x24feb70_0, 0, 1;
    %set/v v0x24fec20_0, 0, 1;
    %set/v v0x24fecd0_0, 1, 1;
    %delay 1, 0;
    %set/v v0x24feee0_0, 0, 1;
    %set/v v0x24fee60_0, 0, 1;
    %set/v v0x24fead0_0, 1, 1;
    %set/v v0x24feb70_0, 0, 1;
    %set/v v0x24fec20_0, 1, 1;
    %set/v v0x24fecd0_0, 0, 1;
    %delay 1, 0;
    %set/v v0x24feee0_0, 0, 1;
    %set/v v0x24fee60_0, 0, 1;
    %set/v v0x24fead0_0, 1, 1;
    %set/v v0x24feb70_0, 0, 1;
    %set/v v0x24fec20_0, 1, 1;
    %set/v v0x24fecd0_0, 1, 1;
    %delay 1, 0;
    %set/v v0x24feee0_0, 0, 1;
    %set/v v0x24fee60_0, 0, 1;
    %set/v v0x24fead0_0, 1, 1;
    %set/v v0x24feb70_0, 1, 1;
    %set/v v0x24fec20_0, 0, 1;
    %set/v v0x24fecd0_0, 0, 1;
    %delay 1, 0;
    %set/v v0x24feee0_0, 0, 1;
    %set/v v0x24fee60_0, 0, 1;
    %set/v v0x24fead0_0, 1, 1;
    %set/v v0x24feb70_0, 1, 1;
    %set/v v0x24fec20_0, 0, 1;
    %set/v v0x24fecd0_0, 1, 1;
    %delay 1, 0;
    %set/v v0x24feee0_0, 0, 1;
    %set/v v0x24fee60_0, 0, 1;
    %set/v v0x24fead0_0, 1, 1;
    %set/v v0x24feb70_0, 1, 1;
    %set/v v0x24fec20_0, 1, 1;
    %set/v v0x24fecd0_0, 0, 1;
    %delay 1, 0;
    %set/v v0x24feee0_0, 0, 1;
    %set/v v0x24fee60_0, 0, 1;
    %set/v v0x24fead0_0, 1, 1;
    %set/v v0x24feb70_0, 1, 1;
    %set/v v0x24fec20_0, 1, 1;
    %set/v v0x24fecd0_0, 1, 1;
    %delay 1, 0;
    %set/v v0x24feee0_0, 0, 1;
    %set/v v0x24fee60_0, 1, 1;
    %set/v v0x24fead0_0, 0, 1;
    %set/v v0x24feb70_0, 0, 1;
    %set/v v0x24fec20_0, 0, 1;
    %set/v v0x24fecd0_0, 0, 1;
    %delay 1, 0;
    %set/v v0x24feee0_0, 0, 1;
    %set/v v0x24fee60_0, 1, 1;
    %set/v v0x24fead0_0, 0, 1;
    %set/v v0x24feb70_0, 0, 1;
    %set/v v0x24fec20_0, 0, 1;
    %set/v v0x24fecd0_0, 1, 1;
    %delay 1, 0;
    %set/v v0x24feee0_0, 0, 1;
    %set/v v0x24fee60_0, 1, 1;
    %set/v v0x24fead0_0, 0, 1;
    %set/v v0x24feb70_0, 0, 1;
    %set/v v0x24fec20_0, 1, 1;
    %set/v v0x24fecd0_0, 0, 1;
    %delay 1, 0;
    %set/v v0x24feee0_0, 0, 1;
    %set/v v0x24fee60_0, 1, 1;
    %set/v v0x24fead0_0, 0, 1;
    %set/v v0x24feb70_0, 0, 1;
    %set/v v0x24fec20_0, 1, 1;
    %set/v v0x24fecd0_0, 1, 1;
    %delay 1, 0;
    %set/v v0x24feee0_0, 0, 1;
    %set/v v0x24fee60_0, 1, 1;
    %set/v v0x24fead0_0, 0, 1;
    %set/v v0x24feb70_0, 1, 1;
    %set/v v0x24fec20_0, 0, 1;
    %set/v v0x24fecd0_0, 0, 1;
    %delay 1, 0;
    %set/v v0x24feee0_0, 0, 1;
    %set/v v0x24fee60_0, 1, 1;
    %set/v v0x24fead0_0, 0, 1;
    %set/v v0x24feb70_0, 1, 1;
    %set/v v0x24fec20_0, 0, 1;
    %set/v v0x24fecd0_0, 1, 1;
    %delay 1, 0;
    %set/v v0x24feee0_0, 0, 1;
    %set/v v0x24fee60_0, 1, 1;
    %set/v v0x24fead0_0, 0, 1;
    %set/v v0x24feb70_0, 1, 1;
    %set/v v0x24fec20_0, 1, 1;
    %set/v v0x24fecd0_0, 0, 1;
    %delay 1, 0;
    %set/v v0x24feee0_0, 0, 1;
    %set/v v0x24fee60_0, 1, 1;
    %set/v v0x24fead0_0, 0, 1;
    %set/v v0x24feb70_0, 1, 1;
    %set/v v0x24fec20_0, 1, 1;
    %set/v v0x24fecd0_0, 1, 1;
    %delay 1, 0;
    %set/v v0x24feee0_0, 0, 1;
    %set/v v0x24fee60_0, 1, 1;
    %set/v v0x24fead0_0, 1, 1;
    %set/v v0x24feb70_0, 0, 1;
    %set/v v0x24fec20_0, 0, 1;
    %set/v v0x24fecd0_0, 0, 1;
    %delay 1, 0;
    %set/v v0x24feee0_0, 0, 1;
    %set/v v0x24fee60_0, 1, 1;
    %set/v v0x24fead0_0, 1, 1;
    %set/v v0x24feb70_0, 0, 1;
    %set/v v0x24fec20_0, 0, 1;
    %set/v v0x24fecd0_0, 1, 1;
    %delay 1, 0;
    %set/v v0x24feee0_0, 0, 1;
    %set/v v0x24fee60_0, 1, 1;
    %set/v v0x24fead0_0, 1, 1;
    %set/v v0x24feb70_0, 0, 1;
    %set/v v0x24fec20_0, 1, 1;
    %set/v v0x24fecd0_0, 0, 1;
    %delay 1, 0;
    %set/v v0x24feee0_0, 0, 1;
    %set/v v0x24fee60_0, 1, 1;
    %set/v v0x24fead0_0, 1, 1;
    %set/v v0x24feb70_0, 0, 1;
    %set/v v0x24fec20_0, 1, 1;
    %set/v v0x24fecd0_0, 1, 1;
    %delay 1, 0;
    %set/v v0x24feee0_0, 0, 1;
    %set/v v0x24fee60_0, 1, 1;
    %set/v v0x24fead0_0, 1, 1;
    %set/v v0x24feb70_0, 1, 1;
    %set/v v0x24fec20_0, 0, 1;
    %set/v v0x24fecd0_0, 0, 1;
    %delay 1, 0;
    %set/v v0x24feee0_0, 0, 1;
    %set/v v0x24fee60_0, 1, 1;
    %set/v v0x24fead0_0, 1, 1;
    %set/v v0x24feb70_0, 1, 1;
    %set/v v0x24fec20_0, 0, 1;
    %set/v v0x24fecd0_0, 1, 1;
    %delay 1, 0;
    %set/v v0x24feee0_0, 0, 1;
    %set/v v0x24fee60_0, 1, 1;
    %set/v v0x24fead0_0, 1, 1;
    %set/v v0x24feb70_0, 1, 1;
    %set/v v0x24fec20_0, 1, 1;
    %set/v v0x24fecd0_0, 0, 1;
    %delay 1, 0;
    %set/v v0x24feee0_0, 0, 1;
    %set/v v0x24fee60_0, 1, 1;
    %set/v v0x24fead0_0, 1, 1;
    %set/v v0x24feb70_0, 1, 1;
    %set/v v0x24fec20_0, 1, 1;
    %set/v v0x24fecd0_0, 1, 1;
    %delay 1, 0;
    %set/v v0x24feee0_0, 1, 1;
    %set/v v0x24fee60_0, 0, 1;
    %set/v v0x24fead0_0, 0, 1;
    %set/v v0x24feb70_0, 0, 1;
    %set/v v0x24fec20_0, 0, 1;
    %set/v v0x24fecd0_0, 0, 1;
    %delay 1, 0;
    %set/v v0x24feee0_0, 1, 1;
    %set/v v0x24fee60_0, 0, 1;
    %set/v v0x24fead0_0, 0, 1;
    %set/v v0x24feb70_0, 0, 1;
    %set/v v0x24fec20_0, 0, 1;
    %set/v v0x24fecd0_0, 1, 1;
    %delay 1, 0;
    %set/v v0x24feee0_0, 1, 1;
    %set/v v0x24fee60_0, 0, 1;
    %set/v v0x24fead0_0, 0, 1;
    %set/v v0x24feb70_0, 0, 1;
    %set/v v0x24fec20_0, 1, 1;
    %set/v v0x24fecd0_0, 0, 1;
    %delay 1, 0;
    %set/v v0x24feee0_0, 1, 1;
    %set/v v0x24fee60_0, 0, 1;
    %set/v v0x24fead0_0, 0, 1;
    %set/v v0x24feb70_0, 0, 1;
    %set/v v0x24fec20_0, 1, 1;
    %set/v v0x24fecd0_0, 1, 1;
    %delay 1, 0;
    %set/v v0x24feee0_0, 1, 1;
    %set/v v0x24fee60_0, 0, 1;
    %set/v v0x24fead0_0, 0, 1;
    %set/v v0x24feb70_0, 1, 1;
    %set/v v0x24fec20_0, 0, 1;
    %set/v v0x24fecd0_0, 0, 1;
    %delay 1, 0;
    %set/v v0x24feee0_0, 1, 1;
    %set/v v0x24fee60_0, 0, 1;
    %set/v v0x24fead0_0, 0, 1;
    %set/v v0x24feb70_0, 1, 1;
    %set/v v0x24fec20_0, 0, 1;
    %set/v v0x24fecd0_0, 1, 1;
    %delay 1, 0;
    %set/v v0x24feee0_0, 1, 1;
    %set/v v0x24fee60_0, 0, 1;
    %set/v v0x24fead0_0, 0, 1;
    %set/v v0x24feb70_0, 1, 1;
    %set/v v0x24fec20_0, 1, 1;
    %set/v v0x24fecd0_0, 0, 1;
    %delay 1, 0;
    %set/v v0x24feee0_0, 1, 1;
    %set/v v0x24fee60_0, 0, 1;
    %set/v v0x24fead0_0, 0, 1;
    %set/v v0x24feb70_0, 1, 1;
    %set/v v0x24fec20_0, 1, 1;
    %set/v v0x24fecd0_0, 1, 1;
    %delay 1, 0;
    %set/v v0x24feee0_0, 1, 1;
    %set/v v0x24fee60_0, 0, 1;
    %set/v v0x24fead0_0, 1, 1;
    %set/v v0x24feb70_0, 0, 1;
    %set/v v0x24fec20_0, 0, 1;
    %set/v v0x24fecd0_0, 0, 1;
    %delay 1, 0;
    %set/v v0x24feee0_0, 1, 1;
    %set/v v0x24fee60_0, 0, 1;
    %set/v v0x24fead0_0, 1, 1;
    %set/v v0x24feb70_0, 0, 1;
    %set/v v0x24fec20_0, 0, 1;
    %set/v v0x24fecd0_0, 1, 1;
    %delay 1, 0;
    %set/v v0x24feee0_0, 1, 1;
    %set/v v0x24fee60_0, 0, 1;
    %set/v v0x24fead0_0, 1, 1;
    %set/v v0x24feb70_0, 0, 1;
    %set/v v0x24fec20_0, 1, 1;
    %set/v v0x24fecd0_0, 0, 1;
    %delay 1, 0;
    %set/v v0x24feee0_0, 1, 1;
    %set/v v0x24fee60_0, 0, 1;
    %set/v v0x24fead0_0, 1, 1;
    %set/v v0x24feb70_0, 0, 1;
    %set/v v0x24fec20_0, 1, 1;
    %set/v v0x24fecd0_0, 1, 1;
    %delay 1, 0;
    %set/v v0x24feee0_0, 1, 1;
    %set/v v0x24fee60_0, 0, 1;
    %set/v v0x24fead0_0, 1, 1;
    %set/v v0x24feb70_0, 1, 1;
    %set/v v0x24fec20_0, 0, 1;
    %set/v v0x24fecd0_0, 0, 1;
    %delay 1, 0;
    %set/v v0x24feee0_0, 1, 1;
    %set/v v0x24fee60_0, 0, 1;
    %set/v v0x24fead0_0, 1, 1;
    %set/v v0x24feb70_0, 1, 1;
    %set/v v0x24fec20_0, 0, 1;
    %set/v v0x24fecd0_0, 1, 1;
    %delay 1, 0;
    %set/v v0x24feee0_0, 1, 1;
    %set/v v0x24fee60_0, 0, 1;
    %set/v v0x24fead0_0, 1, 1;
    %set/v v0x24feb70_0, 1, 1;
    %set/v v0x24fec20_0, 1, 1;
    %set/v v0x24fecd0_0, 0, 1;
    %delay 1, 0;
    %set/v v0x24feee0_0, 1, 1;
    %set/v v0x24fee60_0, 0, 1;
    %set/v v0x24fead0_0, 1, 1;
    %set/v v0x24feb70_0, 1, 1;
    %set/v v0x24fec20_0, 1, 1;
    %set/v v0x24fecd0_0, 1, 1;
    %delay 1, 0;
    %set/v v0x24feee0_0, 1, 1;
    %set/v v0x24fee60_0, 1, 1;
    %set/v v0x24fead0_0, 0, 1;
    %set/v v0x24feb70_0, 0, 1;
    %set/v v0x24fec20_0, 0, 1;
    %set/v v0x24fecd0_0, 0, 1;
    %delay 1, 0;
    %set/v v0x24feee0_0, 1, 1;
    %set/v v0x24fee60_0, 1, 1;
    %set/v v0x24fead0_0, 0, 1;
    %set/v v0x24feb70_0, 0, 1;
    %set/v v0x24fec20_0, 0, 1;
    %set/v v0x24fecd0_0, 1, 1;
    %delay 1, 0;
    %set/v v0x24feee0_0, 1, 1;
    %set/v v0x24fee60_0, 1, 1;
    %set/v v0x24fead0_0, 0, 1;
    %set/v v0x24feb70_0, 0, 1;
    %set/v v0x24fec20_0, 1, 1;
    %set/v v0x24fecd0_0, 0, 1;
    %delay 1, 0;
    %set/v v0x24feee0_0, 1, 1;
    %set/v v0x24fee60_0, 1, 1;
    %set/v v0x24fead0_0, 0, 1;
    %set/v v0x24feb70_0, 0, 1;
    %set/v v0x24fec20_0, 1, 1;
    %set/v v0x24fecd0_0, 1, 1;
    %delay 1, 0;
    %set/v v0x24feee0_0, 1, 1;
    %set/v v0x24fee60_0, 1, 1;
    %set/v v0x24fead0_0, 0, 1;
    %set/v v0x24feb70_0, 1, 1;
    %set/v v0x24fec20_0, 0, 1;
    %set/v v0x24fecd0_0, 0, 1;
    %delay 1, 0;
    %set/v v0x24feee0_0, 1, 1;
    %set/v v0x24fee60_0, 1, 1;
    %set/v v0x24fead0_0, 0, 1;
    %set/v v0x24feb70_0, 1, 1;
    %set/v v0x24fec20_0, 0, 1;
    %set/v v0x24fecd0_0, 1, 1;
    %delay 1, 0;
    %set/v v0x24feee0_0, 1, 1;
    %set/v v0x24fee60_0, 1, 1;
    %set/v v0x24fead0_0, 0, 1;
    %set/v v0x24feb70_0, 1, 1;
    %set/v v0x24fec20_0, 1, 1;
    %set/v v0x24fecd0_0, 0, 1;
    %delay 1, 0;
    %set/v v0x24feee0_0, 1, 1;
    %set/v v0x24fee60_0, 1, 1;
    %set/v v0x24fead0_0, 0, 1;
    %set/v v0x24feb70_0, 1, 1;
    %set/v v0x24fec20_0, 1, 1;
    %set/v v0x24fecd0_0, 1, 1;
    %delay 1, 0;
    %set/v v0x24feee0_0, 1, 1;
    %set/v v0x24fee60_0, 1, 1;
    %set/v v0x24fead0_0, 1, 1;
    %set/v v0x24feb70_0, 0, 1;
    %set/v v0x24fec20_0, 0, 1;
    %set/v v0x24fecd0_0, 0, 1;
    %delay 1, 0;
    %set/v v0x24feee0_0, 1, 1;
    %set/v v0x24fee60_0, 1, 1;
    %set/v v0x24fead0_0, 1, 1;
    %set/v v0x24feb70_0, 0, 1;
    %set/v v0x24fec20_0, 0, 1;
    %set/v v0x24fecd0_0, 1, 1;
    %delay 1, 0;
    %set/v v0x24feee0_0, 1, 1;
    %set/v v0x24fee60_0, 1, 1;
    %set/v v0x24fead0_0, 1, 1;
    %set/v v0x24feb70_0, 0, 1;
    %set/v v0x24fec20_0, 1, 1;
    %set/v v0x24fecd0_0, 0, 1;
    %delay 1, 0;
    %set/v v0x24feee0_0, 1, 1;
    %set/v v0x24fee60_0, 1, 1;
    %set/v v0x24fead0_0, 1, 1;
    %set/v v0x24feb70_0, 0, 1;
    %set/v v0x24fec20_0, 1, 1;
    %set/v v0x24fecd0_0, 1, 1;
    %delay 1, 0;
    %set/v v0x24feee0_0, 1, 1;
    %set/v v0x24fee60_0, 1, 1;
    %set/v v0x24fead0_0, 1, 1;
    %set/v v0x24feb70_0, 1, 1;
    %set/v v0x24fec20_0, 0, 1;
    %set/v v0x24fecd0_0, 0, 1;
    %delay 1, 0;
    %set/v v0x24feee0_0, 1, 1;
    %set/v v0x24fee60_0, 1, 1;
    %set/v v0x24fead0_0, 1, 1;
    %set/v v0x24feb70_0, 1, 1;
    %set/v v0x24fec20_0, 0, 1;
    %set/v v0x24fecd0_0, 1, 1;
    %delay 1, 0;
    %set/v v0x24feee0_0, 1, 1;
    %set/v v0x24fee60_0, 1, 1;
    %set/v v0x24fead0_0, 1, 1;
    %set/v v0x24feb70_0, 1, 1;
    %set/v v0x24fec20_0, 1, 1;
    %set/v v0x24fecd0_0, 0, 1;
    %delay 1, 0;
    %set/v v0x24feee0_0, 1, 1;
    %set/v v0x24fee60_0, 1, 1;
    %set/v v0x24fead0_0, 1, 1;
    %set/v v0x24feb70_0, 1, 1;
    %set/v v0x24fec20_0, 1, 1;
    %set/v v0x24fecd0_0, 1, 1;
    %delay 1, 0;
    %end;
    .thread T_1;
# The file index is used to find the file name in the following table.
:file_names 3;
    "N/A";
    "<interactive>";
    "mux4x1.v";
